20241225_162205 INFO chronicler.py:51 __init__| 

        >  ┓       • ┓     <
        > ┏┣┓┏┓┏┓┏┓┓┏┃┏┓┏┓ <
        > ┗┛┗┛ ┗┛┛┗┗┗┗┗ ┛  <
        
20241225_162205 INFO chronicler.py:52 __init__| Logging initialized for /home/garth/projects/garch/prototype/data_generator.py
20241225_162205 INFO data_generator.py:32 __init__| 

        ╔═╗┬─┐┬┌─┐┌─┐╔═╗┌─┐┬─┐┬┌─┐┌─┐╔═╗┌─┐┌┐┌┌─┐┬─┐┌─┐┌┬┐┌─┐┬─┐
        ╠═╝├┬┘││  ├┤ ╚═╗├┤ ├┬┘│├┤ └─┐║ ╦├┤ │││├┤ ├┬┘├─┤ │ │ │├┬┘
        ╩  ┴└─┴└─┘└─┘╚═╝└─┘┴└─┴└─┘└─┘╚═╝└─┘┘└┘└─┘┴└─┴ ┴ ┴ └─┘┴└─
        
20241225_162205 INFO data_generator.py:68 <module>| generated prices:
20241225_162205 INFO data_generator.py:69 <module>| ╒═════════════════════╤═════════╤═════════╕
│                     │     GME │    BYND │
╞═════════════════════╪═════════╪═════════╡
│ 2023-01-02 00:00:00 │ 150     │ 200     │
├─────────────────────┼─────────┼─────────┤
│ 2023-01-03 00:00:00 │ 150.031 │ 199.096 │
├─────────────────────┼─────────┼─────────┤
│ 2023-01-04 00:00:00 │ 149.204 │ 199.213 │
├─────────────────────┼─────────┼─────────┤
│ 2023-01-05 00:00:00 │ 149.467 │ 197.522 │
├─────────────────────┼─────────┼─────────┤
│ 2023-01-06 00:00:00 │ 149.71  │ 197.317 │
├─────────────────────┼─────────┼─────────┤
│ 2023-01-09 00:00:00 │ 149.685 │ 198.201 │
├─────────────────────┼─────────┼─────────┤
│ 2023-01-10 00:00:00 │ 149.536 │ 200.218 │
├─────────────────────┼─────────┼─────────┤
│ 2023-01-11 00:00:00 │ 150.032 │ 199.678 │
├─────────────────────┼─────────┼─────────┤
│ 2023-01-12 00:00:00 │ 148.608 │ 203.13  │
├─────────────────────┼─────────┼─────────┤
│ 2023-01-13 00:00:00 │ 147.461 │ 203.701 │
╘═════════════════════╧═════════╧═════════╛
