20250223_141208 INFO chronicler.py:96 __init__| 

        >  ┓       • ┓     <
        > ┏┣┓┏┓┏┓┏┓┓┏┃┏┓┏┓ <
        > ┗┛┗┛ ┗┛┛┗┗┗┗┗ ┛  <
        
20250223_141208 INFO chronicler.py:97 __init__| Logging initialized for /home/garth/projects/garch/src/chronicler_loader.py
20250223_141208 INFO chronicler.py:102 __init__| git branch: feature/git-info
20250223_141208 INFO chronicler.py:103 __init__| git rev-parse HEAD: 57224e2
20250223_141208 INFO chronicler.py:104 __init__| git status --porcelain: is_dirty
20250223_141210 INFO run_pipeline.py:18 <module>| 

+++++pipeline: start+++++
20250223_141210 INFO run_pipeline.py:21 <module>| 

+++++pipeline: load_configuration()+++++
20250223_141210 INFO configurator.py:83 load_configuration| # Loading config_file: config.yml
20250223_141210 INFO configurator.py:22 read_config_from_fs| yml contents:
{'metadata': {'version': 1.0, 'env': 'dev'}, 'data_generator': {'start_date': '2023-01-01', 'end_date': '2023-02-01', 'ticker_initial_prices': {'GME': 150.0, 'BYND': 200.0, 'BP': 15.0}}, 'data_processor': {'handle_missing_values': {'strategy': 'drop'}, 'make_stationary': {'method': 'difference'}, 'test_stationarity': {'method': 'ADF', 'p_value_threshold': 0.05}, 'scale': {'method': 'standardize'}}, 'stats_model': {'ARIMA': {'run': False, 'parameters_fit': {'p': 2, 'd': 1, 'q': 4}, 'parameters_predict_steps': 3}, 'GARCH': {'run': True, 'parameters_fit': {'p': 1, 'q': 1, 'dist': 't'}, 'parameters_predict_steps': 3}}}
20250223_141210 INFO run_pipeline.py:26 <module>| 

+++++pipeline: generate_price_series()+++++
20250223_141210 INFO data_generator.py:59 generate_price_series| Generating price series data
20250223_141210 INFO data_generator.py:20 __init__| 

	> PriceSeriesGenerator <

20250223_141210 INFO data_generator.py:40 generate_prices| generating prices...
20250223_141210 INFO data_generator.py:52 generate_prices| generated prices:
20250223_141210 INFO data_generator.py:53 generate_prices| 
╒═════════════════════╤═════════╤═════════╤═════════╕
│                     │     GME │    BYND │      BP │
╞═════════════════════╪═════════╪═════════╪═════════╡
│ 2023-01-02 00:00:00 │ 150     │ 200     │ 15      │
├─────────────────────┼─────────┼─────────┼─────────┤
│ 2023-01-03 00:00:00 │ 148.651 │ 199.765 │ 15.2877 │
├─────────────────────┼─────────┼─────────┼─────────┤
│ 2023-01-04 00:00:00 │ 149.615 │ 198.26  │ 14.9526 │
├─────────────────────┼─────────┼─────────┼─────────┤
│ 2023-01-05 00:00:00 │ 149.06  │ 198.188 │ 15.2234 │
├─────────────────────┼─────────┼─────────┼─────────┤
│ 2023-01-06 00:00:00 │ 148.462 │ 197.429 │ 15.6364 │
╘═════════════════════╧═════════╧═════════╧═════════╛
20250223_141210 INFO run_pipeline.py:30 <module>| 

+++++pipeline: fill_data()+++++
20250223_141210 INFO data_processor.py:56 fill_data| 
# Processing: handling missing values
20250223_141210 INFO data_processor.py:18 __init__| 

	> MissingDataHandler <

20250223_141210 INFO data_processor.py:46 create_handler| Creating handler for strategy: drop
20250223_141210 INFO data_processor.py:25 drop_na| Dropping rows with missing values
20250223_141210 INFO data_processor.py:26 drop_na| df filled:
20250223_141210 INFO data_processor.py:27 drop_na| 
╒═════════════════════╤═════════╤═════════╤═════════╕
│                     │     GME │    BYND │      BP │
╞═════════════════════╪═════════╪═════════╪═════════╡
│ 2023-01-02 00:00:00 │ 150     │ 200     │ 15      │
├─────────────────────┼─────────┼─────────┼─────────┤
│ 2023-01-03 00:00:00 │ 148.651 │ 199.765 │ 15.2877 │
├─────────────────────┼─────────┼─────────┼─────────┤
│ 2023-01-04 00:00:00 │ 149.615 │ 198.26  │ 14.9526 │
├─────────────────────┼─────────┼─────────┼─────────┤
│ 2023-01-05 00:00:00 │ 149.06  │ 198.188 │ 15.2234 │
├─────────────────────┼─────────┼─────────┼─────────┤
│ 2023-01-06 00:00:00 │ 148.462 │ 197.429 │ 15.6364 │
╘═════════════════════╧═════════╧═════════╧═════════╛
20250223_141210 INFO run_pipeline.py:34 <module>| 

+++++pipeline: scale_data()+++++
20250223_141210 INFO data_processor.py:103 scale_data| 
# Processing: scaling data
20250223_141210 INFO data_processor.py:93 create_handler| creating scaler for strategy: standardize
20250223_141210 INFO data_processor.py:70 scale_data_standardize| Scaling data using standardization
20250223_141210 INFO data_processor.py:71 scale_data_standardize| df scaled:
20250223_141210 INFO data_processor.py:72 scale_data_standardize| 
╒═════════════════════╤════════════╤═══════════╤═══════════╕
│                     │        GME │      BYND │        BP │
╞═════════════════════╪════════════╪═══════════╪═══════════╡
│ 2023-01-02 00:00:00 │  0.0347375 │  0.433733 │ -1.17736  │
├─────────────────────┼────────────┼───────────┼───────────┤
│ 2023-01-03 00:00:00 │ -0.813999  │  0.261622 │ -1.04235  │
├─────────────────────┼────────────┼───────────┼───────────┤
│ 2023-01-04 00:00:00 │ -0.207714  │ -0.838822 │ -1.1996   │
├─────────────────────┼────────────┼───────────┼───────────┤
│ 2023-01-05 00:00:00 │ -0.556635  │ -0.891245 │ -1.07252  │
├─────────────────────┼────────────┼───────────┼───────────┤
│ 2023-01-06 00:00:00 │ -0.93318   │ -1.44618  │ -0.878722 │
╘═════════════════════╧════════════╧═══════════╧═══════════╛
20250223_141210 INFO run_pipeline.py:38 <module>| 

+++++pipeline: stationarize_data()+++++
20250223_141210 INFO data_processor.py:190 stationarize_data| 
# Processing: making data stationary
20250223_141210 INFO data_processor.py:113 make_stationary| applying stationarity method: difference
20250223_141210 INFO data_processor.py:123 make_stationary| 
╒═════════════════════╤═══════════╤═══════════╤═══════════╤════════════╤═════════════╤═══════════╕
│                     │       GME │      BYND │        BP │   GME_diff │   BYND_diff │   BP_diff │
╞═════════════════════╪═══════════╪═══════════╪═══════════╪════════════╪═════════════╪═══════════╡
│ 2023-01-03 00:00:00 │ -0.813999 │  0.261622 │ -1.04235  │  -0.848737 │   -0.172111 │  0.135005 │
├─────────────────────┼───────────┼───────────┼───────────┼────────────┼─────────────┼───────────┤
│ 2023-01-04 00:00:00 │ -0.207714 │ -0.838822 │ -1.1996   │   0.606286 │   -1.10044  │ -0.157248 │
├─────────────────────┼───────────┼───────────┼───────────┼────────────┼─────────────┼───────────┤
│ 2023-01-05 00:00:00 │ -0.556635 │ -0.891245 │ -1.07252  │  -0.348921 │   -0.052423 │  0.127074 │
├─────────────────────┼───────────┼───────────┼───────────┼────────────┼─────────────┼───────────┤
│ 2023-01-06 00:00:00 │ -0.93318  │ -1.44618  │ -0.878722 │  -0.376545 │   -0.554938 │  0.193803 │
├─────────────────────┼───────────┼───────────┼───────────┼────────────┼─────────────┼───────────┤
│ 2023-01-09 00:00:00 │ -1.70112  │ -1.58239  │ -1.23484  │  -0.767941 │   -0.136212 │ -0.356118 │
╘═════════════════════╧═══════════╧═══════════╧═══════════╧════════════╧═════════════╧═══════════╛
20250223_141210 INFO run_pipeline.py:42 <module>| 

+++++pipeline: test_stationarity()+++++
20250223_141210 INFO data_processor.py:200 test_stationarity| 
# Testing: stationarity
20250223_141210 INFO data_processor.py:179 create_handler| Creating processor for strategy: test_stationarity
20250223_141210 INFO data_processor.py:135 test_stationarity| test_stationarity: ADF test for stationarity
20250223_141210 INFO data_processor.py:145 test_stationarity| results: {'GME': {'ADF Statistic': np.float64(-1.6573203687882372), 'p-value': np.float64(0.4532254878911699)}, 'BYND': {'ADF Statistic': np.float64(-8.394092415437319), 'p-value': np.float64(2.3241817876270046e-13)}, 'BP': {'ADF Statistic': np.float64(1.1208679491264149), 'p-value': np.float64(0.9953908453696472)}, 'GME_diff': {'ADF Statistic': np.float64(1.6840716182751674), 'p-value': np.float64(0.9980891045374375)}, 'BYND_diff': {'ADF Statistic': np.float64(-3.875066056133873), 'p-value': np.float64(0.0022262058756696407)}, 'BP_diff': {'ADF Statistic': np.float64(-5.056957029725927), 'p-value': np.float64(1.7099236795296506e-05)}}
20250223_141210 INFO run_pipeline.py:46 <module>| 

+++++pipeline: log_stationarity()+++++
20250223_141210 INFO data_processor.py:210 log_stationarity| 
# Logging: stationarity
20250223_141210 INFO data_processor.py:179 create_handler| Creating processor for strategy: log_stationarity
20250223_141210 INFO data_processor.py:162 log_adf_results| series_name: GME
   adf_stat: -1.66
   p_value: 4.53e-01
   interpretation: p_value 4.53e-01 >= p_value_threshold 0.05. Data is non-stationary (fail to reject null hypothesis that series is non-stationary)

20250223_141210 INFO data_processor.py:162 log_adf_results| series_name: BYND
   adf_stat: -8.39
   p_value: 2.32e-13
   interpretation: p_value 2.32e-13 < p_value_threshold 0.05. Data is stationary (reject null hypothesis that series is non-stationary)

20250223_141210 INFO data_processor.py:162 log_adf_results| series_name: BP
   adf_stat: 1.12
   p_value: 9.95e-01
   interpretation: p_value 9.95e-01 >= p_value_threshold 0.05. Data is non-stationary (fail to reject null hypothesis that series is non-stationary)

20250223_141210 INFO data_processor.py:162 log_adf_results| series_name: GME_diff
   adf_stat: 1.68
   p_value: 9.98e-01
   interpretation: p_value 9.98e-01 >= p_value_threshold 0.05. Data is non-stationary (fail to reject null hypothesis that series is non-stationary)

20250223_141210 INFO data_processor.py:162 log_adf_results| series_name: BYND_diff
   adf_stat: -3.88
   p_value: 2.23e-03
   interpretation: p_value 2.23e-03 < p_value_threshold 0.05. Data is stationary (reject null hypothesis that series is non-stationary)

20250223_141210 INFO data_processor.py:162 log_adf_results| series_name: BP_diff
   adf_stat: -5.06
   p_value: 1.71e-05
   interpretation: p_value 1.71e-05 < p_value_threshold 0.05. Data is stationary (reject null hypothesis that series is non-stationary)

20250223_141210 INFO run_pipeline.py:49 <module>| 

+++++pipeline: modeling+++++
20250223_141210 INFO run_pipeline.py:55 <module>| 

+++++pipeline: run_garch()+++++
20250223_141210 INFO stats_model.py:112 run_garch| 
## Running GARCH
20250223_141210 INFO stats_model.py:103 create_model| Creating model type: GARCH
20250223_141210 INFO stats_model.py:72 __init__| 

	> GARCH <

20250223_141211 INFO stats_model.py:121 run_garch| 
## GARCH summary
20250223_141211 INFO stats_model.py:122 run_garch| {'GME': <class 'statsmodels.iolib.summary.Summary'>
"""
                        Constant Mean - GARCH Model Results                         
====================================================================================
Dep. Variable:                          GME   R-squared:                       0.000
Mean Model:                   Constant Mean   Adj. R-squared:                  0.000
Vol Model:                            GARCH   Log-Likelihood:               -26.3554
Distribution:      Standardized Student's t   AIC:                           62.7107
Method:                  Maximum Likelihood   BIC:                           68.1660
                                              No. Observations:                   22
Date:                      Sun, Feb 23 2025   Df Residuals:                       21
Time:                              14:12:10   Df Model:                            1
                                 Mean Model                                
===========================================================================
                 coef    std err          t      P>|t|     95.0% Conf. Int.
---------------------------------------------------------------------------
mu             0.5917      0.308      1.924  5.435e-02 [-1.105e-02,  1.194]
                              Volatility Model                             
===========================================================================
                 coef    std err          t      P>|t|     95.0% Conf. Int.
---------------------------------------------------------------------------
omega          0.1522  9.492e-02      1.603      0.109 [-3.388e-02,  0.338]
alpha[1]       0.8156      0.261      3.130  1.750e-03    [  0.305,  1.326]
beta[1]    5.7553e-16      0.199  2.890e-15      1.000    [ -0.390,  0.390]
                                Distribution                                
============================================================================
                 coef    std err          t      P>|t|      95.0% Conf. Int.
----------------------------------------------------------------------------
nu           257.5194     22.027     11.691  1.412e-31 [2.143e+02,3.007e+02]
============================================================================

Covariance estimator: robust
""", 'BYND': <class 'statsmodels.iolib.summary.Summary'>
"""
                        Constant Mean - GARCH Model Results                         
====================================================================================
Dep. Variable:                         BYND   R-squared:                       0.000
Mean Model:                   Constant Mean   Adj. R-squared:                  0.000
Vol Model:                            GARCH   Log-Likelihood:               -29.6373
Distribution:      Standardized Student's t   AIC:                           69.2746
Method:                  Maximum Likelihood   BIC:                           74.7298
                                              No. Observations:                   22
Date:                      Sun, Feb 23 2025   Df Residuals:                       21
Time:                              14:12:10   Df Model:                            1
                               Mean Model                               
========================================================================
                 coef    std err          t      P>|t|  95.0% Conf. Int.
------------------------------------------------------------------------
mu            -0.2851      0.367     -0.777      0.437 [ -1.004,  0.434]
                            Volatility Model                            
========================================================================
                 coef    std err          t      P>|t|  95.0% Conf. Int.
------------------------------------------------------------------------
omega          0.4689      0.965      0.486      0.627 [ -1.422,  2.360]
alpha[1]       0.4898      0.442      1.108      0.268 [ -0.377,  1.356]
beta[1]    8.0737e-17      1.498  5.389e-17      1.000 [ -2.936,  2.936]
                                Distribution                                
============================================================================
                 coef    std err          t      P>|t|      95.0% Conf. Int.
----------------------------------------------------------------------------
nu           304.1250     74.393      4.088  4.350e-05 [1.583e+02,4.499e+02]
============================================================================

Covariance estimator: robust
""", 'BP': <class 'statsmodels.iolib.summary.Summary'>
"""
                        Constant Mean - GARCH Model Results                         
====================================================================================
Dep. Variable:                           BP   R-squared:                       0.000
Mean Model:                   Constant Mean   Adj. R-squared:                  0.000
Vol Model:                            GARCH   Log-Likelihood:               -25.6355
Distribution:      Standardized Student's t   AIC:                           61.2709
Method:                  Maximum Likelihood   BIC:                           66.7262
                                              No. Observations:                   22
Date:                      Sun, Feb 23 2025   Df Residuals:                       21
Time:                              14:12:10   Df Model:                            1
                               Mean Model                               
========================================================================
                 coef    std err          t      P>|t|  95.0% Conf. Int.
------------------------------------------------------------------------
mu             0.0152      0.197  7.732e-02      0.938 [ -0.371,  0.402]
                              Volatility Model                             
===========================================================================
                 coef    std err          t      P>|t|     95.0% Conf. Int.
---------------------------------------------------------------------------
omega          0.1838      0.107      1.722  8.507e-02 [-2.540e-02,  0.393]
alpha[1]       0.8776      0.285      3.084  2.043e-03    [  0.320,  1.435]
beta[1]        0.0000      0.232      0.000      1.000    [ -0.454,  0.454]
                                Distribution                                
============================================================================
                 coef    std err          t      P>|t|      95.0% Conf. Int.
----------------------------------------------------------------------------
nu           257.5434     32.751      7.864  3.727e-15 [1.934e+02,3.217e+02]
============================================================================

Covariance estimator: robust
""", 'GME_diff': <class 'statsmodels.iolib.summary.Summary'>
"""
                        Constant Mean - GARCH Model Results                         
====================================================================================
Dep. Variable:                     GME_diff   R-squared:                       0.000
Mean Model:                   Constant Mean   Adj. R-squared:                  0.000
Vol Model:                            GARCH   Log-Likelihood:               -17.2775
Distribution:      Standardized Student's t   AIC:                           44.5551
Method:                  Maximum Likelihood   BIC:                           50.0103
                                              No. Observations:                   22
Date:                      Sun, Feb 23 2025   Df Residuals:                       21
Time:                              14:12:11   Df Model:                            1
                                Mean Model                               
=========================================================================
                  coef    std err          t      P>|t|  95.0% Conf. Int.
-------------------------------------------------------------------------
mu         -3.4975e-03      0.114 -3.065e-02      0.976 [ -0.227,  0.220]
                               Volatility Model                              
=============================================================================
                 coef    std err          t      P>|t|       95.0% Conf. Int.
-----------------------------------------------------------------------------
omega      2.9041e-09  3.038e-02  9.559e-08      1.000 [-5.955e-02,5.955e-02]
alpha[1]   1.4074e-11  8.359e-02  1.684e-10      1.000      [ -0.164,  0.164]
beta[1]        0.9771      0.167      5.846  5.024e-09      [  0.650,  1.305]
                                Distribution                                
============================================================================
                 coef    std err          t      P>|t|      95.0% Conf. Int.
----------------------------------------------------------------------------
nu           280.2917     30.181      9.287  1.585e-20 [2.211e+02,3.394e+02]
============================================================================

Covariance estimator: robust
""", 'BYND_diff': <class 'statsmodels.iolib.summary.Summary'>
"""
                        Constant Mean - GARCH Model Results                         
====================================================================================
Dep. Variable:                    BYND_diff   R-squared:                       0.000
Mean Model:                   Constant Mean   Adj. R-squared:                  0.000
Vol Model:                            GARCH   Log-Likelihood:               -24.6513
Distribution:      Standardized Student's t   AIC:                           59.3026
Method:                  Maximum Likelihood   BIC:                           64.7578
                                              No. Observations:                   22
Date:                      Sun, Feb 23 2025   Df Residuals:                       21
Time:                              14:12:11   Df Model:                            1
                               Mean Model                               
========================================================================
                 coef    std err          t      P>|t|  95.0% Conf. Int.
------------------------------------------------------------------------
mu            -0.0352      0.163     -0.216      0.829 [ -0.354,  0.284]
                               Volatility Model                              
=============================================================================
                 coef    std err          t      P>|t|       95.0% Conf. Int.
-----------------------------------------------------------------------------
omega          0.0851      0.138      0.616      0.538      [ -0.186,  0.356]
alpha[1]   4.8931e-15  3.042e-02  1.609e-13      1.000 [-5.962e-02,5.962e-02]
beta[1]        0.8543      0.274      3.115  1.837e-03      [  0.317,  1.392]
                                Distribution                                
============================================================================
                 coef    std err          t      P>|t|      95.0% Conf. Int.
----------------------------------------------------------------------------
nu           240.5682     33.292      7.226  4.973e-13 [1.753e+02,3.058e+02]
============================================================================

Covariance estimator: robust
""", 'BP_diff': <class 'statsmodels.iolib.summary.Summary'>
"""
                        Constant Mean - GARCH Model Results                         
====================================================================================
Dep. Variable:                      BP_diff   R-squared:                       0.000
Mean Model:                   Constant Mean   Adj. R-squared:                  0.000
Vol Model:                            GARCH   Log-Likelihood:               -11.4114
Distribution:      Standardized Student's t   AIC:                           32.8227
Method:                  Maximum Likelihood   BIC:                           38.2779
                                              No. Observations:                   22
Date:                      Sun, Feb 23 2025   Df Residuals:                       21
Time:                              14:12:11   Df Model:                            1
                                 Mean Model                                
===========================================================================
                 coef    std err          t      P>|t|     95.0% Conf. Int.
---------------------------------------------------------------------------
mu             0.1382  8.754e-02      1.579      0.114 [-3.334e-02,  0.310]
                               Volatility Model                              
=============================================================================
                 coef    std err          t      P>|t|       95.0% Conf. Int.
-----------------------------------------------------------------------------
omega      8.6221e-03  3.194e-02      0.270      0.787 [-5.397e-02,7.121e-02]
alpha[1]   4.0701e-16  4.809e-02  8.464e-15      1.000 [-9.425e-02,9.425e-02]
beta[1]        0.9673      0.226      4.274  1.917e-05      [  0.524,  1.411]
                                Distribution                                
============================================================================
                 coef    std err          t      P>|t|      95.0% Conf. Int.
----------------------------------------------------------------------------
nu           204.3189     37.573      5.438  5.391e-08 [1.307e+02,2.780e+02]
============================================================================

Covariance estimator: robust
"""}
20250223_141211 INFO stats_model.py:123 run_garch| 
## GARCH forecast
20250223_141211 INFO stats_model.py:125 run_garch| garch_forecast: {'GME': h.1    0.446448
h.2    0.516276
h.3    0.573227
Name: 2023-02-01 00:00:00, dtype: float64, 'BYND': h.1    0.469231
h.2    0.698755
h.3    0.811174
Name: 2023-02-01 00:00:00, dtype: float64, 'BP': h.1    3.605229
h.2    3.347740
h.3    3.121769
Name: 2023-02-01 00:00:00, dtype: float64, 'GME_diff': h.1    0.193516
h.2    0.189089
h.3    0.184763
Name: 2023-02-01 00:00:00, dtype: float64, 'BYND_diff': h.1    0.582494
h.2    0.582696
h.3    0.582869
Name: 2023-02-01 00:00:00, dtype: float64, 'BP_diff': h.1    0.210165
h.2    0.211922
h.3    0.213621
Name: 2023-02-01 00:00:00, dtype: float64}
20250223_141211 INFO run_pipeline.py:62 <module>| 

+++++pipeline: complete+++++
20250223_141211 INFO run_pipeline.py:67 <module>| 
Execution Time (HH:MM:SS): 00:00:02
